Using pre-set license
Built from '2021.3/staging' branch; Version is '2021.3.25f1 (68ef2c4f8861) revision 6876972'; Using compiler version '192829333'; Build Type 'Release'
OS: 'Windows 10  (10.0.19045) 64bit Core' Language: 'en' Physical Memory: 16295 MB
BatchMode: 1, IsHumanControllingUs: 0, StartBugReporterOnCrash: 0, Is64bit: 1, IsPro: 1

COMMAND LINE ARGUMENTS:
C:\Program Files\Unity\Hub\Editor\2021.3.25f1\Editor\Unity.exe
-adb2
-batchMode
-noUpm
-name
AssetImportWorker0
-projectPath
C:/Users/mfh11/Documents/GitHub/Smokers-end/My project
-logFile
Logs/AssetImportWorker0.log
-srvPort
60246
Successfully changed project path to: C:/Users/mfh11/Documents/GitHub/Smokers-end/My project
C:/Users/mfh11/Documents/GitHub/Smokers-end/My project
[UnityMemory] Configuration Parameters - Can be set up in boot.config
    "memorysetup-bucket-allocator-granularity=16"
    "memorysetup-bucket-allocator-bucket-count=8"
    "memorysetup-bucket-allocator-block-size=33554432"
    "memorysetup-bucket-allocator-block-count=8"
    "memorysetup-main-allocator-block-size=16777216"
    "memorysetup-thread-allocator-block-size=16777216"
    "memorysetup-gfx-main-allocator-block-size=16777216"
    "memorysetup-gfx-thread-allocator-block-size=16777216"
    "memorysetup-cache-allocator-block-size=4194304"
    "memorysetup-typetree-allocator-block-size=2097152"
    "memorysetup-profiler-bucket-allocator-granularity=16"
    "memorysetup-profiler-bucket-allocator-bucket-count=8"
    "memorysetup-profiler-bucket-allocator-block-size=33554432"
    "memorysetup-profiler-bucket-allocator-block-count=8"
    "memorysetup-profiler-allocator-block-size=16777216"
    "memorysetup-profiler-editor-allocator-block-size=1048576"
    "memorysetup-temp-allocator-size-main=16777216"
    "memorysetup-job-temp-allocator-block-size=2097152"
    "memorysetup-job-temp-allocator-block-size-background=1048576"
    "memorysetup-job-temp-allocator-reduction-small-platforms=262144"
    "memorysetup-temp-allocator-size-background-worker=32768"
    "memorysetup-temp-allocator-size-job-worker=262144"
    "memorysetup-temp-allocator-size-preload-manager=33554432"
    "memorysetup-temp-allocator-size-nav-mesh-worker=65536"
    "memorysetup-temp-allocator-size-audio-worker=65536"
    "memorysetup-temp-allocator-size-cloud-worker=32768"
    "memorysetup-temp-allocator-size-gi-baking-worker=262144"
    "memorysetup-temp-allocator-size-gfx=262144"
Player connection [4944] Host "[IP] 192.168.50.169 [Port] 0 [Flags] 2 [Guid] 3682244819 [EditorId] 3682244819 [Version] 1048832 [Id] WindowsEditor(7,Council-Echochamber) [Debug] 1 [PackageName] WindowsEditor [ProjectName] Editor" joined multi-casting on [225.0.0.222:54997]...

Player connection [4944] Host "[IP] 192.168.50.169 [Port] 0 [Flags] 2 [Guid] 3682244819 [EditorId] 3682244819 [Version] 1048832 [Id] WindowsEditor(7,Council-Echochamber) [Debug] 1 [PackageName] WindowsEditor [ProjectName] Editor" joined alternative multi-casting on [225.0.0.222:34997]...

Refreshing native plugins compatible for Editor in 87.30 ms, found 4 plugins.
Preloading 0 native plugins for Editor in 0.00 ms.
Initialize engine version: 2021.3.25f1 (68ef2c4f8861)
[Subsystems] Discovering subsystems at path C:/Program Files/Unity/Hub/Editor/2021.3.25f1/Editor/Data/Resources/UnitySubsystems
[Subsystems] Discovering subsystems at path C:/Users/mfh11/Documents/GitHub/Smokers-end/My project/Assets
GfxDevice: creating device client; threaded=0; jobified=0
Direct3D:
    Version:  Direct3D 11.0 [level 11.1]
    Renderer: NVIDIA GeForce RTX 2060 (ID=0x1f08)
    Vendor:   NVIDIA
    VRAM:     5969 MB
    Driver:   31.0.15.4601
Initialize mono
Mono path[0] = 'C:/Program Files/Unity/Hub/Editor/2021.3.25f1/Editor/Data/Managed'
Mono path[1] = 'C:/Program Files/Unity/Hub/Editor/2021.3.25f1/Editor/Data/MonoBleedingEdge/lib/mono/unityjit-win32'
Mono config path = 'C:/Program Files/Unity/Hub/Editor/2021.3.25f1/Editor/Data/MonoBleedingEdge/etc'
Using monoOptions --debugger-agent=transport=dt_socket,embedding=1,server=y,suspend=n,address=127.0.0.1:56768
Begin MonoManager ReloadAssembly
Registering precompiled unity dll's ...
Register platform support module: C:/Program Files/Unity/Hub/Editor/2021.3.25f1/Editor/Data/PlaybackEngines/WindowsStandaloneSupport/UnityEditor.WindowsStandalone.Extensions.dll
Register platform support module: C:/Program Files/Unity/Hub/Editor/2021.3.25f1/Editor/Data/PlaybackEngines/MetroSupport/UnityEditor.UWP.Extensions.dll
Registered in 0.010961 seconds.
Native extension for UWP target not found
Native extension for WindowsStandalone target not found
Refreshing native plugins compatible for Editor in 88.60 ms, found 4 plugins.
Preloading 0 native plugins for Editor in 0.00 ms.
Mono: successfully reloaded assembly
- Completed reload, in  0.650 seconds
Domain Reload Profiling:
	ReloadAssembly (650ms)
		BeginReloadAssembly (100ms)
			ExecutionOrderSort (0ms)
			DisableScriptedObjects (0ms)
			BackupInstance (0ms)
			ReleaseScriptingObjects (0ms)
			CreateAndSetChildDomain (7ms)
		EndReloadAssembly (445ms)
			LoadAssemblies (91ms)
			RebuildTransferFunctionScriptingTraits (0ms)
			SetupTypeCache (96ms)
			ReleaseScriptCaches (0ms)
			RebuildScriptCaches (26ms)
			SetupLoadedEditorAssemblies (271ms)
				LogAssemblyErrors (0ms)
				InitializePlatformSupportModulesInManaged (10ms)
				SetLoadedEditorAssemblies (0ms)
				RefreshPlugins (89ms)
				BeforeProcessingInitializeOnLoad (1ms)
				ProcessInitializeOnLoadAttributes (130ms)
				ProcessInitializeOnLoadMethodAttributes (42ms)
				AfterProcessingInitializeOnLoad (0ms)
				EditorAssembliesLoaded (0ms)
			ExecutionOrderSort2 (0ms)
			AwakeInstancesAfterBackupRestoration (0ms)
Platform modules already initialized, skipping
Registering precompiled user dll's ...
Registered in 0.011726 seconds.
Begin MonoManager ReloadAssembly
Symbol file LoadedFromMemory doesn't match image C:\Users\mfh11\Documents\GitHub\Smokers-end\My project\Library\PackageCache\com.unity.visualscripting@1.8.0\Editor\VisualScripting.Core\Dependencies\YamlDotNet\Unity.VisualScripting.YamlDotNet.dll
Symbol file LoadedFromMemory doesn't match image C:\Users\mfh11\Documents\GitHub\Smokers-end\My project\Library\PackageCache\com.unity.visualscripting@1.8.0\Editor\VisualScripting.Core\Dependencies\DotNetZip\Unity.VisualScripting.IonicZip.dll
Native extension for UWP target not found
Native extension for WindowsStandalone target not found
Refreshing native plugins compatible for Editor in 92.58 ms, found 4 plugins.
Preloading 0 native plugins for Editor in 0.00 ms.
Mono: successfully reloaded assembly
- Completed reload, in  1.190 seconds
Domain Reload Profiling:
	ReloadAssembly (1191ms)
		BeginReloadAssembly (126ms)
			ExecutionOrderSort (0ms)
			DisableScriptedObjects (5ms)
			BackupInstance (0ms)
			ReleaseScriptingObjects (0ms)
			CreateAndSetChildDomain (17ms)
		EndReloadAssembly (954ms)
			LoadAssemblies (112ms)
			RebuildTransferFunctionScriptingTraits (0ms)
			SetupTypeCache (285ms)
			ReleaseScriptCaches (1ms)
			RebuildScriptCaches (54ms)
			SetupLoadedEditorAssemblies (477ms)
				LogAssemblyErrors (0ms)
				InitializePlatformSupportModulesInManaged (7ms)
				SetLoadedEditorAssemblies (0ms)
				RefreshPlugins (93ms)
				BeforeProcessingInitializeOnLoad (104ms)
				ProcessInitializeOnLoadAttributes (224ms)
				ProcessInitializeOnLoadMethodAttributes (34ms)
				AfterProcessingInitializeOnLoad (15ms)
				EditorAssembliesLoaded (0ms)
			ExecutionOrderSort2 (0ms)
			AwakeInstancesAfterBackupRestoration (6ms)
Platform modules already initialized, skipping
========================================================================
Worker process is ready to serve import requests
Launched and connected shader compiler UnityShaderCompiler.exe after 0.04 seconds
Refreshing native plugins compatible for Editor in 0.57 ms, found 4 plugins.
Preloading 0 native plugins for Editor in 0.00 ms.
Unloading 3875 Unused Serialized files (Serialized files now loaded: 0)
Unloading 38 unused Assets / (113.4 KB). Loaded Objects now: 4333.
Memory consumption went from 147.7 MB to 147.6 MB.
Total: 2.781900 ms (FindLiveObjects: 0.275500 ms CreateObjectMapping: 0.215400 ms MarkObjects: 2.198800 ms  DeleteObjects: 0.091700 ms)

AssetImportParameters requested are different than current active one (requested -> active):
  custom:video-decoder-ogg-theora: a1e56fd34408186e4bbccfd4996cb3dc -> 
  custom:container-muxer-webm: aa71ff27fc2769a1b78a27578f13a17b -> 
  custom:container-demuxer-webm: 4f35f7cbe854078d1ac9338744f61a02 -> 
  custom:video-encoder-webm-vp8: eb34c28f22e8b96e1ab97ce403110664 -> 
  custom:audio-encoder-webm-vorbis: bf7c407c2cedff20999df2af8eb42d56 -> 
  custom:framework-win-MediaFoundation: 216162199b28c13a410421893ffa2e32 -> 
  custom:container-demuxer-ogg: 62fdf1f143b41e24485cea50d1cbac27 -> 
  custom:video-decoder-webm-vp8: 9c59270c3fd7afecdb556c50c9e8de78 -> 
  custom:audio-decoder-ogg-vorbis: bf7c407c2cedff20999df2af8eb42d56 -> 
========================================================================
Received Import Request.
  Time since last request: 1114310.618916 seconds.
  path: Assets/Scripts
  artifactKey: Guid(7459e2014702f3d49b36eee8d882b5b6) Importer(815301076,1909f56bfc062723c751e8b465ee728b)
Start importing Assets/Scripts using Guid(7459e2014702f3d49b36eee8d882b5b6) Importer(815301076,1909f56bfc062723c751e8b465ee728b)  -> (artifact id: '6fa44d262f4b97a8a9d1d8d1eab55737') in 0.010827 seconds 
========================================================================
Received Import Request.
  Time since last request: 3.737002 seconds.
  path: Assets/Scripts/ThirdPersonController.cs
  artifactKey: Guid(26e54e5a728a9234ab24fcf1460ed8a2) Importer(815301076,1909f56bfc062723c751e8b465ee728b)
Start importing Assets/Scripts/ThirdPersonController.cs using Guid(26e54e5a728a9234ab24fcf1460ed8a2) Importer(815301076,1909f56bfc062723c751e8b465ee728b)  -> (artifact id: 'dbd2d5f5dc4ec04e2f8818fcb0db3200') in 0.034278 seconds 
========================================================================
Received Import Request.
  Time since last request: 19.393738 seconds.
  path: Assets/Scripts/BasicRigidBodyPush.cs
  artifactKey: Guid(909d917d73a63f940ac158d02e936645) Importer(815301076,1909f56bfc062723c751e8b465ee728b)
Start importing Assets/Scripts/BasicRigidBodyPush.cs using Guid(909d917d73a63f940ac158d02e936645) Importer(815301076,1909f56bfc062723c751e8b465ee728b)  -> (artifact id: '4eda34bd1d498789d94ebdb933299637') in 0.007622 seconds 
========================================================================
Received Import Request.
  Time since last request: 5.719096 seconds.
  path: Assets/Scripts/InteractionSystem
  artifactKey: Guid(3ca9932aaf63a0e4180584a8f7845dd8) Importer(815301076,1909f56bfc062723c751e8b465ee728b)
Start importing Assets/Scripts/InteractionSystem using Guid(3ca9932aaf63a0e4180584a8f7845dd8) Importer(815301076,1909f56bfc062723c751e8b465ee728b)  -> (artifact id: 'ea46b6abc5d3c6531f6121f9add4478e') in 0.006655 seconds 
========================================================================
Received Import Request.
  Time since last request: 2.525167 seconds.
  path: Assets/Scripts/InteractionSystem/Inventory.cs
  artifactKey: Guid(23947aa1b8ea1384796ba44a312cc1e1) Importer(815301076,1909f56bfc062723c751e8b465ee728b)
Start importing Assets/Scripts/InteractionSystem/Inventory.cs using Guid(23947aa1b8ea1384796ba44a312cc1e1) Importer(815301076,1909f56bfc062723c751e8b465ee728b)  -> (artifact id: '091c35df7762184ae553ee8e45336aff') in 0.006898 seconds 
========================================================================
Received Import Request.
  Time since last request: 11.264856 seconds.
  path: Assets
  artifactKey: Guid(00000000000000001000000000000000) Importer(815301076,1909f56bfc062723c751e8b465ee728b)
Start importing Assets using Guid(00000000000000001000000000000000) Importer(815301076,1909f56bfc062723c751e8b465ee728b)  -> (artifact id: '79842766b460edbeab6a34051e857a80') in 0.007364 seconds 
========================================================================
Received Import Request.
  Time since last request: 185.677335 seconds.
  path: Assets/Scripts/InteractionSystem/Inventory.cs
  artifactKey: Guid(23947aa1b8ea1384796ba44a312cc1e1) Importer(815301076,1909f56bfc062723c751e8b465ee728b)
Start importing Assets/Scripts/InteractionSystem/Inventory.cs using Guid(23947aa1b8ea1384796ba44a312cc1e1) Importer(815301076,1909f56bfc062723c751e8b465ee728b)  -> (artifact id: 'ea68afee5401f15871160658f1c5e02d') in 0.002057 seconds 
========================================================================
Received Import Request.
  Time since last request: 68.995538 seconds.
  path: Assets/Scripts/InteractionSystem/Inventory.cs
  artifactKey: Guid(23947aa1b8ea1384796ba44a312cc1e1) Importer(815301076,1909f56bfc062723c751e8b465ee728b)
Start importing Assets/Scripts/InteractionSystem/Inventory.cs using Guid(23947aa1b8ea1384796ba44a312cc1e1) Importer(815301076,1909f56bfc062723c751e8b465ee728b)  -> (artifact id: 'd84213385cdf9ebe8848926fff125965') in 0.002285 seconds 
========================================================================
Received Import Request.
  Time since last request: 19.723950 seconds.
  path: Assets/Scripts/InteractionSystem/Inventory.cs
  artifactKey: Guid(23947aa1b8ea1384796ba44a312cc1e1) Importer(815301076,1909f56bfc062723c751e8b465ee728b)
Start importing Assets/Scripts/InteractionSystem/Inventory.cs using Guid(23947aa1b8ea1384796ba44a312cc1e1) Importer(815301076,1909f56bfc062723c751e8b465ee728b)  -> (artifact id: 'aa7ff5094f2ab2c880a6f8aeb9ce47b1') in 0.002071 seconds 
========================================================================
Received Import Request.
  Time since last request: 58.856073 seconds.
  path: Assets/Scripts/InteractionSystem/Inventory.cs
  artifactKey: Guid(23947aa1b8ea1384796ba44a312cc1e1) Importer(815301076,1909f56bfc062723c751e8b465ee728b)
Start importing Assets/Scripts/InteractionSystem/Inventory.cs using Guid(23947aa1b8ea1384796ba44a312cc1e1) Importer(815301076,1909f56bfc062723c751e8b465ee728b)  -> (artifact id: '1027823d0ca8cc85430fa17aa7dfa023') in 0.003152 seconds 
========================================================================
Received Import Request.
  Time since last request: 619.699143 seconds.
  path: Assets/Scripts/InteractionSystem/Inventory.cs
  artifactKey: Guid(23947aa1b8ea1384796ba44a312cc1e1) Importer(815301076,1909f56bfc062723c751e8b465ee728b)
Start importing Assets/Scripts/InteractionSystem/Inventory.cs using Guid(23947aa1b8ea1384796ba44a312cc1e1) Importer(815301076,1909f56bfc062723c751e8b465ee728b)  -> (artifact id: 'f38a1d13df77d52ccf1655c2fe1028ec') in 0.002354 seconds 
========================================================================
Received Import Request.
  Time since last request: 6851.873053 seconds.
  path: Assets/Scripts/InteractionSystem/InteractionPromptUI.cs
  artifactKey: Guid(2b75471cfe5a4274ca2295715dfec3dc) Importer(815301076,1909f56bfc062723c751e8b465ee728b)
Start importing Assets/Scripts/InteractionSystem/InteractionPromptUI.cs using Guid(2b75471cfe5a4274ca2295715dfec3dc) Importer(815301076,1909f56bfc062723c751e8b465ee728b)  -> (artifact id: '2e306d10a1a3f2cea7597be935f5fd43') in 0.026394 seconds 
========================================================================
Received Import Request.
  Time since last request: 2.382043 seconds.
  path: Assets/Scripts/InteractionSystem/IInteractable.cs
  artifactKey: Guid(b1efa734f0fe6554581339d809d78314) Importer(815301076,1909f56bfc062723c751e8b465ee728b)
Start importing Assets/Scripts/InteractionSystem/IInteractable.cs using Guid(b1efa734f0fe6554581339d809d78314) Importer(815301076,1909f56bfc062723c751e8b465ee728b)  -> (artifact id: '53f73cc60456dbf4c751942f3692d623') in 0.007334 seconds 
========================================================================
Received Import Request.
  Time since last request: 1.592993 seconds.
  path: Assets/Scripts/InteractionSystem/Interactor.cs
  artifactKey: Guid(8ae3156357fd2e64ba40e5ae2f54747a) Importer(815301076,1909f56bfc062723c751e8b465ee728b)
Start importing Assets/Scripts/InteractionSystem/Interactor.cs using Guid(8ae3156357fd2e64ba40e5ae2f54747a) Importer(815301076,1909f56bfc062723c751e8b465ee728b)  -> (artifact id: 'ed27007df063810bddd617cd9ec8a4fb') in 0.008060 seconds 
========================================================================
Received Import Request.
  Time since last request: 40.669678 seconds.
  path: Assets/InputSystem
  artifactKey: Guid(213ef31aeb4dadf4eb01aeef7b273716) Importer(815301076,1909f56bfc062723c751e8b465ee728b)
Start importing Assets/InputSystem using Guid(213ef31aeb4dadf4eb01aeef7b273716) Importer(815301076,1909f56bfc062723c751e8b465ee728b)  -> (artifact id: '115c60eb851a62044f5e667f814c6b8f') in 0.008192 seconds 
========================================================================
Received Import Request.
  Time since last request: 1.905781 seconds.
  path: Assets/InputSystem/StarterAssetsInputs.cs
  artifactKey: Guid(e087ecce43ebbff45a1b360637807d93) Importer(815301076,1909f56bfc062723c751e8b465ee728b)
Start importing Assets/InputSystem/StarterAssetsInputs.cs using Guid(e087ecce43ebbff45a1b360637807d93) Importer(815301076,1909f56bfc062723c751e8b465ee728b)  -> (artifact id: 'e02e0851f03ad4f303ba208d87100de0') in 0.007463 seconds 
========================================================================
Received Import Request.
  Time since last request: 90.402988 seconds.
  path: Assets/Sprites/Protagonist.png
  artifactKey: Guid(2c9f273d20e46ee4bae366856b78a18c) Importer(815301076,1909f56bfc062723c751e8b465ee728b)
Start importing Assets/Sprites/Protagonist.png using Guid(2c9f273d20e46ee4bae366856b78a18c) Importer(815301076,1909f56bfc062723c751e8b465ee728b)  -> (artifact id: 'e07447db9df9518036ecb745f39c69d8') in 0.189485 seconds 
========================================================================
Received Prepare
Registering precompiled user dll's ...
Registered in 0.008791 seconds.
Begin MonoManager ReloadAssembly
Symbol file LoadedFromMemory doesn't match image C:\Users\mfh11\Documents\GitHub\Smokers-end\My project\Library\PackageCache\com.unity.visualscripting@1.8.0\Editor\VisualScripting.Core\Dependencies\YamlDotNet\Unity.VisualScripting.YamlDotNet.dll
Symbol file LoadedFromMemory doesn't match image C:\Users\mfh11\Documents\GitHub\Smokers-end\My project\Library\PackageCache\com.unity.visualscripting@1.8.0\Editor\VisualScripting.Core\Dependencies\DotNetZip\Unity.VisualScripting.IonicZip.dll
Native extension for UWP target not found
Native extension for WindowsStandalone target not found
Refreshing native plugins compatible for Editor in 99.59 ms, found 4 plugins.
Preloading 0 native plugins for Editor in 0.00 ms.
Mono: successfully reloaded assembly
- Completed reload, in  0.980 seconds
Domain Reload Profiling:
	ReloadAssembly (981ms)
		BeginReloadAssembly (239ms)
			ExecutionOrderSort (0ms)
			DisableScriptedObjects (11ms)
			BackupInstance (0ms)
			ReleaseScriptingObjects (0ms)
			CreateAndSetChildDomain (91ms)
		EndReloadAssembly (639ms)
			LoadAssemblies (105ms)
			RebuildTransferFunctionScriptingTraits (0ms)
			SetupTypeCache (190ms)
			ReleaseScriptCaches (1ms)
			RebuildScriptCaches (25ms)
			SetupLoadedEditorAssemblies (310ms)
				LogAssemblyErrors (0ms)
				InitializePlatformSupportModulesInManaged (7ms)
				SetLoadedEditorAssemblies (0ms)
				RefreshPlugins (100ms)
				BeforeProcessingInitializeOnLoad (79ms)
				ProcessInitializeOnLoadAttributes (98ms)
				ProcessInitializeOnLoadMethodAttributes (15ms)
				AfterProcessingInitializeOnLoad (11ms)
				EditorAssembliesLoaded (0ms)
			ExecutionOrderSort2 (0ms)
			AwakeInstancesAfterBackupRestoration (6ms)
Platform modules already initialized, skipping
Refreshing native plugins compatible for Editor in 3.12 ms, found 4 plugins.
Preloading 0 native plugins for Editor in 0.00 ms.
Unloading 4210 Unused Serialized files (Serialized files now loaded: 0)
Unloading 27 unused Assets / (79.9 KB). Loaded Objects now: 4684.
Memory consumption went from 162.6 MB to 162.5 MB.
Total: 2.625300 ms (FindLiveObjects: 0.245300 ms CreateObjectMapping: 0.175100 ms MarkObjects: 2.133300 ms  DeleteObjects: 0.071000 ms)

AssetImportParameters requested are different than current active one (requested -> active):
  custom:video-decoder-ogg-theora: a1e56fd34408186e4bbccfd4996cb3dc -> 
  custom:container-muxer-webm: aa71ff27fc2769a1b78a27578f13a17b -> 
  custom:container-demuxer-webm: 4f35f7cbe854078d1ac9338744f61a02 -> 
  custom:postprocessor/textureSprite: 704a9d4329f3af01b3a5c89999a88182 -> 1909f56bfc062723c751e8b465ee728b
  custom:video-encoder-webm-vp8: eb34c28f22e8b96e1ab97ce403110664 -> 
  custom:audio-encoder-webm-vorbis: bf7c407c2cedff20999df2af8eb42d56 -> 
  custom:framework-win-MediaFoundation: 216162199b28c13a410421893ffa2e32 -> 
  custom:container-demuxer-ogg: 62fdf1f143b41e24485cea50d1cbac27 -> 
  custom:video-decoder-webm-vp8: 9c59270c3fd7afecdb556c50c9e8de78 -> 
  custom:audio-decoder-ogg-vorbis: bf7c407c2cedff20999df2af8eb42d56 -> 
